<?xml version="1.0" encoding="UTF-8"?>
<testng-results skipped="0" failed="0" ignored="0" total="2" passed="2">
  <reporter-output>
  </reporter-output>
  <suite name="Suite" duration-ms="25548" started-at="2020-04-07T12:53:46Z" finished-at="2020-04-07T12:54:11Z">
    <groups>
    </groups>
    <test name="LogIn" duration-ms="25548" started-at="2020-04-07T12:53:46Z" finished-at="2020-04-07T12:54:11Z">
      <class name="Sample.FrameWork.modules.LogIn">
        <test-method status="PASS" signature="loadConfig()[pri:0, instance:Sample.FrameWork.modules.LogIn@1e6d1014]" name="loadConfig" is-config="true" duration-ms="13" started-at="2020-04-07T12:53:46Z" finished-at="2020-04-07T12:53:46Z">
          <reporter-output>
          </reporter-output>
        </test-method> <!-- loadConfig -->
        <test-method status="PASS" signature="TestStart()[pri:0, instance:Sample.FrameWork.modules.LogIn@1e6d1014]" name="TestStart" is-config="true" duration-ms="19344" started-at="2020-04-07T12:53:46Z" finished-at="2020-04-07T12:54:05Z">
          <reporter-output>
          </reporter-output>
        </test-method> <!-- TestStart -->
        <test-method status="PASS" signature="homePage_ClickOnLoginButton()[pri:0, instance:Sample.FrameWork.modules.LogIn@1e6d1014]" name="homePage_ClickOnLoginButton" duration-ms="2709" started-at="2020-04-07T12:54:05Z" finished-at="2020-04-07T12:54:08Z">
          <reporter-output>
          </reporter-output>
        </test-method> <!-- homePage_ClickOnLoginButton -->
        <test-method status="PASS" signature="enterCredentials()[pri:0, instance:Sample.FrameWork.modules.LogIn@1e6d1014]" name="enterCredentials" duration-ms="2687" started-at="2020-04-07T12:54:08Z" depends-on-methods="Sample.FrameWork.modules.LogIn.homePage_ClickOnLoginButton" finished-at="2020-04-07T12:54:10Z">
          <reporter-output>
          </reporter-output>
        </test-method> <!-- enterCredentials -->
        <test-method status="PASS" signature="Testend()[pri:0, instance:Sample.FrameWork.modules.LogIn@1e6d1014]" name="Testend" is-config="true" duration-ms="660" started-at="2020-04-07T12:54:10Z" finished-at="2020-04-07T12:54:11Z">
          <reporter-output>
          </reporter-output>
        </test-method> <!-- Testend -->
      </class> <!-- Sample.FrameWork.modules.LogIn -->
    </test> <!-- LogIn -->
  </suite> <!-- Suite -->
</testng-results>
