<?xml version="1.0" encoding="UTF-8"?>
<testng-results skipped="0" failed="0" ignored="0" total="2" passed="2">
  <reporter-output>
  </reporter-output>
  <suite name="Suite" duration-ms="28116" started-at="2020-04-10T09:00:48Z" finished-at="2020-04-10T09:01:16Z">
    <groups>
    </groups>
    <test name="LogIn" duration-ms="28116" started-at="2020-04-10T09:00:48Z" finished-at="2020-04-10T09:01:16Z">
      <class name="Sample.FrameWork.modules.LogIn">
        <test-method status="PASS" signature="loadConfig()[pri:0, instance:Sample.FrameWork.modules.LogIn@1e6d1014]" name="loadConfig" is-config="true" duration-ms="16" started-at="2020-04-10T09:00:48Z" finished-at="2020-04-10T09:00:48Z">
          <reporter-output>
          </reporter-output>
        </test-method> <!-- loadConfig -->
        <test-method status="PASS" signature="TestStart()[pri:0, instance:Sample.FrameWork.modules.LogIn@1e6d1014]" name="TestStart" is-config="true" duration-ms="21594" started-at="2020-04-10T09:00:48Z" finished-at="2020-04-10T09:01:09Z">
          <reporter-output>
          </reporter-output>
        </test-method> <!-- TestStart -->
        <test-method status="PASS" signature="homePage_ClickOnLoginButton()[pri:0, instance:Sample.FrameWork.modules.LogIn@1e6d1014]" name="homePage_ClickOnLoginButton" duration-ms="3388" started-at="2020-04-10T09:01:09Z" finished-at="2020-04-10T09:01:13Z">
          <reporter-output>
          </reporter-output>
        </test-method> <!-- homePage_ClickOnLoginButton -->
        <test-method status="PASS" signature="enterCredentials()[pri:0, instance:Sample.FrameWork.modules.LogIn@1e6d1014]" name="enterCredentials" duration-ms="2203" started-at="2020-04-10T09:01:13Z" depends-on-methods="Sample.FrameWork.modules.LogIn.homePage_ClickOnLoginButton" finished-at="2020-04-10T09:01:15Z">
          <reporter-output>
          </reporter-output>
        </test-method> <!-- enterCredentials -->
        <test-method status="PASS" signature="Testend()[pri:0, instance:Sample.FrameWork.modules.LogIn@1e6d1014]" name="Testend" is-config="true" duration-ms="775" started-at="2020-04-10T09:01:15Z" finished-at="2020-04-10T09:01:16Z">
          <reporter-output>
          </reporter-output>
        </test-method> <!-- Testend -->
      </class> <!-- Sample.FrameWork.modules.LogIn -->
    </test> <!-- LogIn -->
  </suite> <!-- Suite -->
</testng-results>
