<?xml version="1.0" encoding="UTF-8"?>
<testng-results skipped="0" failed="0" total="2" passed="2">
  <reporter-output>
  </reporter-output>
  <suite name="Default suite" duration-ms="31696" started-at="2020-04-05T17:56:09Z" finished-at="2020-04-05T17:56:41Z">
    <groups>
    </groups>
    <test name="Default test" duration-ms="31696" started-at="2020-04-05T17:56:09Z" finished-at="2020-04-05T17:56:41Z">
      <class name="locators.Csstest">
        <test-method status="PASS" signature="loadConfig()[pri:0, instance:locators.Csstest@29774679]" name="loadConfig" is-config="true" duration-ms="25" started-at="2020-04-05T23:26:09Z" finished-at="2020-04-05T23:26:09Z">
          <reporter-output>
          </reporter-output>
        </test-method> <!-- loadConfig -->
        <test-method status="PASS" signature="browser_configurations()[pri:0, instance:locators.Csstest@29774679]" name="browser_configurations" is-config="true" duration-ms="15882" started-at="2020-04-05T23:26:09Z" finished-at="2020-04-05T23:26:25Z">
          <reporter-output>
          </reporter-output>
        </test-method> <!-- browser_configurations -->
        <test-method status="PASS" signature="home_page_verification()[pri:0, instance:locators.Csstest@29774679]" name="home_page_verification" duration-ms="530" started-at="2020-04-05T23:26:25Z" finished-at="2020-04-05T23:26:25Z">
          <reporter-output>
          </reporter-output>
        </test-method> <!-- home_page_verification -->
        <test-method status="PASS" signature="blaze_Meter()[pri:0, instance:locators.Csstest@29774679]" name="blaze_Meter" duration-ms="14280" started-at="2020-04-05T23:26:25Z" depends-on-methods="locators.Csstest.home_page_verification" finished-at="2020-04-05T23:26:40Z">
          <reporter-output>
          </reporter-output>
        </test-method> <!-- blaze_Meter -->
        <test-method status="PASS" signature="closeBrwser()[pri:0, instance:locators.Csstest@29774679]" name="closeBrwser" is-config="true" duration-ms="940" started-at="2020-04-05T23:26:40Z" finished-at="2020-04-05T23:26:41Z">
          <reporter-output>
          </reporter-output>
        </test-method> <!-- closeBrwser -->
      </class> <!-- locators.Csstest -->
    </test> <!-- Default test -->
  </suite> <!-- Default suite -->
</testng-results>
