<?xml version="1.0" encoding="UTF-8"?>
<testng-results skipped="0" failed="0" total="1" passed="1">
  <reporter-output>
  </reporter-output>
  <suite name="Default suite" duration-ms="16193" started-at="2020-04-24T18:38:24Z" finished-at="2020-04-24T18:38:40Z">
    <groups>
    </groups>
    <test name="Default test" duration-ms="16193" started-at="2020-04-24T18:38:24Z" finished-at="2020-04-24T18:38:40Z">
      <class name="saucelabs.SauceLabsDemo">
        <test-method status="PASS" signature="shouldOpenSafari()[pri:0, instance:saucelabs.SauceLabsDemo@464bee09]" name="shouldOpenSafari" duration-ms="16154" started-at="2020-04-25T00:08:24Z" finished-at="2020-04-25T00:08:40Z">
          <reporter-output>
          </reporter-output>
        </test-method> <!-- shouldOpenSafari -->
      </class> <!-- saucelabs.SauceLabsDemo -->
    </test> <!-- Default test -->
  </suite> <!-- Default suite -->
</testng-results>
